Thu, 25 Jan 2018 21:39:36 qidian.py[line:67] INFO threading which named qiDianUrlParse0 begin to parse music url
Thu, 25 Jan 2018 21:39:36 qidian.py[line:67] INFO threading which named qiDianUrlParse1 begin to parse music url
Thu, 25 Jan 2018 21:39:36 qidian.py[line:67] INFO threading which named qiDianUrlParse2 begin to parse music url
Thu, 25 Jan 2018 21:39:38 respDownloader.py[line:27] INFO parse url:https://www.qidian.com/rank/recom?dateType=2&chn=9&page=2 and get response successful
Thu, 25 Jan 2018 21:39:38 respDownloader.py[line:27] INFO parse url:https://www.qidian.com/rank/recom?dateType=2&chn=9&page=3 and get response successful
Thu, 25 Jan 2018 21:39:38 respDownloader.py[line:27] INFO parse url:https://www.qidian.com/rank/recom?dateType=2&chn=9&page=1 and get response successful
Thu, 25 Jan 2018 21:39:39 respDownloader.py[line:27] INFO parse url:https://www.qidian.com/rank/recom?dateType=2&chn=9&page=4 and get response successful
Thu, 25 Jan 2018 21:39:39 respDownloader.py[line:27] INFO parse url:https://www.qidian.com/rank/recom?dateType=2&chn=9&page=5 and get response successful
Thu, 25 Jan 2018 21:39:41 NovelDataHandler_qiDian.py[line:87] INFO threading which named novelDataHandler1 begin to hand novel data
Thu, 25 Jan 2018 21:39:41 NovelDataHandler_qiDian.py[line:94] INFO threading which named novelDataHandler2 begin to hand novel data
Thu, 25 Jan 2018 21:39:41 NovelDataHandler_qiDian.py[line:94] INFO threading which named novelDataHandler3 begin to hand novel data
Thu, 25 Jan 2018 21:39:41 NovelDataHandler_qiDian.py[line:94] INFO threading which named novelDataHandler4 begin to hand novel data
Thu, 25 Jan 2018 21:39:41 NovelDataHandler_qiDian.py[line:94] INFO threading which named novelDataHandler5 begin to hand novel data
Thu, 25 Jan 2018 21:39:41 NovelDataHandler_qiDian.py[line:94] INFO threading which named novelDataHandler6 begin to hand novel data
Thu, 25 Jan 2018 21:39:41 NovelDataHandler_qiDian.py[line:94] INFO threading which named novelDataHandler7 begin to hand novel data
Thu, 25 Jan 2018 21:39:41 NovelDataHandler_qiDian.py[line:94] INFO threading which named novelDataHandler8 begin to hand novel data
Thu, 25 Jan 2018 21:39:41 NovelDataHandler_qiDian.py[line:94] INFO threading which named novelDataHandler9 begin to hand novel data
Thu, 25 Jan 2018 21:39:41 NovelDataHandler_qiDian.py[line:94] INFO threading which named novelDataHandler10 begin to hand novel data
Thu, 25 Jan 2018 21:39:41 NovelDataHandler_qiDian.py[line:94] INFO threading which named novelDataHandler11 begin to hand novel data
Thu, 25 Jan 2018 21:39:41 NovelDataHandler_qiDian.py[line:94] INFO threading which named novelDataHandler12 begin to hand novel data
Thu, 25 Jan 2018 21:39:41 NovelDataHandler_qiDian.py[line:94] INFO threading which named novelDataHandler13 begin to hand novel data
Thu, 25 Jan 2018 21:39:41 NovelDataHandler_qiDian.py[line:94] INFO threading which named novelDataHandler14 begin to hand novel data
Thu, 25 Jan 2018 21:39:42 respDownloader.py[line:27] INFO parse url:http://book.qidian.com/info/1003713126 and get response successful
Thu, 25 Jan 2018 21:39:42 NovelDataHandler_qiDian.py[line:73] INFO save data :{'recommend': 20168, 'source': '起点中文网', 'name': '两界搬运工', '_id': ObjectId('5a69de1e1d41c88c637f820d'), 'wordCount': 330.44, 'link': 'http://book.qidian.com/info/1003713126', 'image': 'http://qidian.qpic.cn/qdbimg/349573/1003713126/150', 'author': '石闻', 'state': '连载'}
Thu, 25 Jan 2018 21:39:42 respDownloader.py[line:27] INFO parse url:http://book.qidian.com/info/1003353824 and get response successful
Thu, 25 Jan 2018 21:39:42 NovelDataHandler_qiDian.py[line:73] INFO save data :{'recommend': 16433, 'source': '起点中文网', 'name': '位面电梯', '_id': ObjectId('5a69de1e1d41c88c637f820e'), 'wordCount': 474.96, 'link': 'http://book.qidian.com/info/1003353824', 'image': 'http://qidian.qpic.cn/qdbimg/349573/1003353824/150', 'author': '千翠百恋', 'state': '连载'}
Thu, 25 Jan 2018 21:39:43 respDownloader.py[line:27] INFO parse url:http://book.qidian.com/info/1003532668 and get response successful
Thu, 25 Jan 2018 21:39:43 NovelDataHandler_qiDian.py[line:73] INFO save data :{'recommend': 17458, 'source': '起点中文网', 'name': '主神大道', '_id': ObjectId('5a69de1f1d41c88c637f820f'), 'wordCount': 294.37, 'link': 'http://book.qidian.com/info/1003532668', 'image': 'http://qidian.qpic.cn/qdbimg/349573/1003532668/150', 'author': '古月居士', 'state': '连载'}
Thu, 25 Jan 2018 21:39:47 respDownloader.py[line:27] INFO parse url:http://book.qidian.com/info/1010932837 and get response successful
Thu, 25 Jan 2018 21:39:47 NovelDataHandler_qiDian.py[line:73] INFO save data :{'recommend': 19191, 'source': '起点中文网', 'name': '法师网', '_id': ObjectId('5a69de231d41c88c637f8210'), 'wordCount': 38.42, 'link': 'http://book.qidian.com/info/1010932837', 'image': 'http://qidian.qpic.cn/qdbimg/349573/1010932837/150', 'author': '星天萤火', 'state': '连载'}
Thu, 25 Jan 2018 21:39:47 respDownloader.py[line:27] INFO parse url:http://book.qidian.com/info/1010816527 and get response successful
Thu, 25 Jan 2018 21:39:47 NovelDataHandler_qiDian.py[line:73] INFO save data :{'recommend': 14855, 'source': '起点中文网', 'name': '宇宙霸业', '_id': ObjectId('5a69de231d41c88c637f8211'), 'wordCount': 51.44, 'link': 'http://book.qidian.com/info/1010816527', 'image': 'http://qidian.qpic.cn/qdbimg/349573/1010816527/150', 'author': '牛家一郎', 'state': '连载'}
Thu, 25 Jan 2018 21:39:48 respDownloader.py[line:27] INFO parse url:http://book.qidian.com/info/1009410786 and get response successful
Thu, 25 Jan 2018 21:39:48 NovelDataHandler_qiDian.py[line:73] INFO save data :{'recommend': 17533, 'source': '起点中文网', 'name': '记忆苍穹', '_id': ObjectId('5a69de241d41c88c637f8212'), 'wordCount': 54.38, 'link': 'http://book.qidian.com/info/1009410786', 'image': 'http://qidian.qpic.cn/qdbimg/349573/1009410786/150', 'author': '纪茗', 'state': '完本'}
Thu, 25 Jan 2018 21:39:49 respDownloader.py[line:27] INFO parse url:http://book.qidian.com/info/3573944 and get response successful
Thu, 25 Jan 2018 21:39:49 NovelDataHandler_qiDian.py[line:73] INFO save data :{'recommend': 14682, 'source': '起点中文网', 'name': '武侠世界大穿越', '_id': ObjectId('5a69de251d41c88c637f8213'), 'wordCount': 773.03, 'link': 'http://book.qidian.com/info/3573944', 'image': 'http://qidian.qpic.cn/qdbimg/349573/3573944/150', 'author': '我叫排云掌', 'state': '连载'}
Thu, 25 Jan 2018 21:39:49 respDownloader.py[line:27] INFO parse url:http://book.qidian.com/info/1010942512 and get response successful
Thu, 25 Jan 2018 21:39:49 NovelDataHandler_qiDian.py[line:73] INFO save data :{'recommend': 14713, 'source': '起点中文网', 'name': '无限之穿越异类生命', '_id': ObjectId('5a69de251d41c88c637f8214'), 'wordCount': 20.63, 'link': 'http://book.qidian.com/info/1010942512', 'image': 'http://qidian.qpic.cn/qdbimg/349573/1010942512/150', 'author': '蒙面和尚', 'state': '连载'}
Thu, 25 Jan 2018 21:39:51 respDownloader.py[line:27] INFO parse url:http://book.qidian.com/info/1010500344 and get response successful
Thu, 25 Jan 2018 21:39:51 NovelDataHandler_qiDian.py[line:73] INFO save data :{'recommend': 14226, 'source': '起点中文网', 'name': '我有一个异世界', '_id': ObjectId('5a69de271d41c88c637f8215'), 'wordCount': 52.12, 'link': 'http://book.qidian.com/info/1010500344', 'image': 'http://qidian.qpic.cn/qdbimg/349573/1010500344/150', 'author': '碧蓝的世界', 'state': '连载'}
Thu, 25 Jan 2018 21:39:52 respDownloader.py[line:27] INFO parse url:http://book.qidian.com/info/1659706 and get response successful
Thu, 25 Jan 2018 21:39:52 NovelDataHandler_qiDian.py[line:73] INFO save data :{'recommend': 13416, 'source': '起点中文网', 'name': '黑暗血时代', '_id': ObjectId('5a69de281d41c88c637f8216'), 'wordCount': 558.07, 'link': 'http://book.qidian.com/info/1659706', 'image': 'http://qidian.qpic.cn/qdbimg/349573/1659706/150', 'author': '天下飘火', 'state': '连载'}
Thu, 25 Jan 2018 21:39:53 respDownloader.py[line:27] INFO parse url:http://book.qidian.com/info/1010971925 and get response successful
Thu, 25 Jan 2018 21:39:53 NovelDataHandler_qiDian.py[line:73] INFO save data :{'recommend': 12940, 'source': '起点中文网', 'name': '巡狩万界', '_id': ObjectId('5a69de291d41c88c637f8217'), 'wordCount': 23.55, 'link': 'http://book.qidian.com/info/1010971925', 'image': 'http://qidian.qpic.cn/qdbimg/349573/1010971925/150', 'author': '阎ZK', 'state': '连载'}
Thu, 25 Jan 2018 21:39:56 respDownloader.py[line:27] INFO parse url:http://book.qidian.com/info/1010870291 and get response successful
Thu, 25 Jan 2018 21:39:56 NovelDataHandler_qiDian.py[line:73] INFO save data :{'recommend': 12026, 'source': '起点中文网', 'name': '世界冒险传奇', '_id': ObjectId('5a69de2c1d41c88c637f8218'), 'wordCount': 21.89, 'link': 'http://book.qidian.com/info/1010870291', 'image': 'http://qidian.qpic.cn/qdbimg/349573/1010870291/150', 'author': '三月的小草', 'state': '连载'}
Thu, 25 Jan 2018 21:39:58 respDownloader.py[line:27] INFO parse url:http://book.qidian.com/info/1009999768 and get response successful
Thu, 25 Jan 2018 21:39:58 NovelDataHandler_qiDian.py[line:73] INFO save data :{'recommend': 13494, 'source': '起点中文网', 'name': '诸天万界反派聊天群', '_id': ObjectId('5a69de2e1d41c88c637f8219'), 'wordCount': 78.92, 'link': 'http://book.qidian.com/info/1009999768', 'image': 'http://qidian.qpic.cn/qdbimg/349573/1009999768/150', 'author': '不要尬舞', 'state': '连载'}
Thu, 25 Jan 2018 21:39:58 respDownloader.py[line:27] INFO parse url:http://book.qidian.com/info/1007381925 and get response successful
Thu, 25 Jan 2018 21:39:58 NovelDataHandler_qiDian.py[line:73] INFO save data :{'recommend': 12716, 'source': '起点中文网', 'name': '电弧中的高级玩家', '_id': ObjectId('5a69de2e1d41c88c637f821a'), 'wordCount': 91.05, 'link': 'http://book.qidian.com/info/1007381925', 'image': 'http://qidian.qpic.cn/qdbimg/349573/1007381925/150', 'author': '大脸猫脸大', 'state': '连载'}
Thu, 25 Jan 2018 21:40:01 respDownloader.py[line:27] INFO parse url:http://book.qidian.com/info/1010195170 and get response successful
Thu, 25 Jan 2018 21:40:01 NovelDataHandler_qiDian.py[line:73] INFO save data :{'recommend': 15772, 'source': '起点中文网', 'name': '被穿越的境界线', '_id': ObjectId('5a69de311d41c88c637f821b'), 'wordCount': 106.35, 'link': 'http://book.qidian.com/info/1010195170', 'image': 'http://qidian.qpic.cn/qdbimg/349573/1010195170/150', 'author': '刹那辉煌', 'state': '连载'}
Thu, 25 Jan 2018 21:40:01 respDownloader.py[line:27] INFO parse url:http://book.qidian.com/info/1003290643 and get response successful
Thu, 25 Jan 2018 21:40:01 NovelDataHandler_qiDian.py[line:73] INFO save data :{'recommend': 11348, 'source': '起点中文网', 'name': '电影世界大盗', '_id': ObjectId('5a69de311d41c88c637f821c'), 'wordCount': 506.79, 'link': 'http://book.qidian.com/info/1003290643', 'image': 'http://qidian.qpic.cn/qdbimg/349573/1003290643/150', 'author': '七只跳蚤', 'state': '连载'}
Thu, 25 Jan 2018 21:40:02 respDownloader.py[line:27] INFO parse url:http://book.qidian.com/info/2718601 and get response successful
Thu, 25 Jan 2018 21:40:02 NovelDataHandler_qiDian.py[line:73] INFO save data :{'recommend': 10711, 'source': '起点中文网', 'name': '进化的四十六亿重奏', '_id': ObjectId('5a69de321d41c88c637f821d'), 'wordCount': 805.43, 'link': 'http://book.qidian.com/info/2718601', 'image': 'http://qidian.qpic.cn/qdbimg/349573/2718601/150', 'author': '相位行者', 'state': '连载'}
Thu, 25 Jan 2018 21:40:04 respDownloader.py[line:27] INFO parse url:http://book.qidian.com/info/1010830086 and get response successful
Thu, 25 Jan 2018 21:40:04 NovelDataHandler_qiDian.py[line:73] INFO save data :{'recommend': 11819, 'source': '起点中文网', 'name': '从默示录开始', '_id': ObjectId('5a69de341d41c88c637f821e'), 'wordCount': 29.12, 'link': 'http://book.qidian.com/info/1010830086', 'image': 'http://qidian.qpic.cn/qdbimg/349573/1010830086/150', 'author': '风邻晩', 'state': '连载'}
Thu, 25 Jan 2018 21:40:05 respDownloader.py[line:27] INFO parse url:http://book.qidian.com/info/1009272185 and get response successful
Thu, 25 Jan 2018 21:40:05 NovelDataHandler_qiDian.py[line:73] INFO save data :{'recommend': 15392, 'source': '起点中文网', 'name': '我的小人国', '_id': ObjectId('5a69de351d41c88c637f821f'), 'wordCount': 130.09, 'link': 'http://book.qidian.com/info/1009272185', 'image': 'http://qidian.qpic.cn/qdbimg/349573/1009272185/150', 'author': '青衫小白', 'state': '连载'}
Thu, 25 Jan 2018 21:40:06 respDownloader.py[line:24] ERROR HTTPSConnectionPool(host='book.qidian.com', port=443): Read timed out.
Thu, 25 Jan 2018 21:40:06 respDownloader.py[line:24] ERROR HTTPSConnectionPool(host='book.qidian.com', port=443): Read timed out.
Thu, 25 Jan 2018 21:40:07 respDownloader.py[line:24] ERROR HTTPSConnectionPool(host='book.qidian.com', port=443): Read timed out. (read timeout=10)
Thu, 25 Jan 2018 21:40:07 respDownloader.py[line:24] ERROR HTTPSConnectionPool(host='book.qidian.com', port=443): Read timed out.
Thu, 25 Jan 2018 21:40:07 respDownloader.py[line:24] ERROR HTTPSConnectionPool(host='book.qidian.com', port=443): Read timed out. (read timeout=10)
Thu, 25 Jan 2018 21:40:07 respDownloader.py[line:24] ERROR HTTPSConnectionPool(host='book.qidian.com', port=443): Read timed out.
Thu, 25 Jan 2018 21:40:07 respDownloader.py[line:24] ERROR HTTPSConnectionPool(host='book.qidian.com', port=443): Read timed out.
Thu, 25 Jan 2018 21:40:07 respDownloader.py[line:24] ERROR HTTPSConnectionPool(host='book.qidian.com', port=443): Read timed out.
Thu, 25 Jan 2018 21:40:09 respDownloader.py[line:27] INFO parse url:http://book.qidian.com/info/1011032300 and get response successful
Thu, 25 Jan 2018 21:40:09 NovelDataHandler_qiDian.py[line:73] INFO save data :{'recommend': 10286, 'source': '起点中文网', 'name': '末世狂喵', '_id': ObjectId('5a69de391d41c88c637f8220'), 'wordCount': 19.82, 'link': 'http://book.qidian.com/info/1011032300', 'image': 'http://qidian.qpic.cn/qdbimg/349573/1011032300/150', 'author': '捕梦者', 'state': '连载'}
Thu, 25 Jan 2018 21:40:12 respDownloader.py[line:27] INFO parse url:http://book.qidian.com/info/1010956913 and get response successful
Thu, 25 Jan 2018 21:40:12 NovelDataHandler_qiDian.py[line:73] INFO save data :{'recommend': 10275, 'source': '起点中文网', 'name': '诸天记行', '_id': ObjectId('5a69de3c1d41c88c637f8221'), 'wordCount': 32.96, 'link': 'http://book.qidian.com/info/1010956913', 'image': 'http://qidian.qpic.cn/qdbimg/349573/1010956913/150', 'author': '望月声', 'state': '连载'}
Thu, 25 Jan 2018 21:40:17 respDownloader.py[line:27] INFO parse url:http://book.qidian.com/info/1010174389 and get response successful
Thu, 25 Jan 2018 21:40:17 NovelDataHandler_qiDian.py[line:73] INFO save data :{'recommend': 10565, 'source': '起点中文网', 'name': '真科技无双', '_id': ObjectId('5a69de411d41c88c637f8222'), 'wordCount': 124.29, 'link': 'http://book.qidian.com/info/1010174389', 'image': 'http://qidian.qpic.cn/qdbimg/349573/1010174389/150', 'author': '佘大', 'state': '连载'}
Thu, 25 Jan 2018 21:40:18 respDownloader.py[line:27] INFO parse url:http://book.qidian.com/info/1010242566 and get response successful
Thu, 25 Jan 2018 21:40:18 NovelDataHandler_qiDian.py[line:73] INFO save data :{'recommend': 11465, 'source': '起点中文网', 'name': '电影世界穿梭门', '_id': ObjectId('5a69de421d41c88c637f8223'), 'wordCount': 101.96, 'link': 'http://book.qidian.com/info/1010242566', 'image': 'http://qidian.qpic.cn/qdbimg/349573/1010242566/150', 'author': '龙升云霄', 'state': '连载'}
Thu, 25 Jan 2018 21:40:19 respDownloader.py[line:27] INFO parse url:http://book.qidian.com/info/1009601575 and get response successful
Thu, 25 Jan 2018 21:40:19 NovelDataHandler_qiDian.py[line:73] INFO save data :{'recommend': 10534, 'source': '起点中文网', 'name': '从拯救咖啡店开始', '_id': ObjectId('5a69de431d41c88c637f8224'), 'wordCount': 123.17, 'link': 'http://book.qidian.com/info/1009601575', 'image': 'http://qidian.qpic.cn/qdbimg/349573/1009601575/150', 'author': '开心小帅', 'state': '连载'}
Thu, 25 Jan 2018 21:40:25 respDownloader.py[line:24] ERROR HTTPSConnectionPool(host='book.qidian.com', port=443): Read timed out.
Thu, 25 Jan 2018 21:40:25 respDownloader.py[line:24] ERROR HTTPSConnectionPool(host='book.qidian.com', port=443): Read timed out.
Thu, 25 Jan 2018 21:40:26 respDownloader.py[line:27] INFO parse url:http://book.qidian.com/info/1010168527 and get response successful
Thu, 25 Jan 2018 21:40:26 NovelDataHandler_qiDian.py[line:73] INFO save data :{'recommend': 10050, 'source': '起点中文网', 'name': '史上最强狗熊系统', '_id': ObjectId('5a69de4a1d41c88c637f8225'), 'wordCount': 104.43, 'link': 'http://book.qidian.com/info/1010168527', 'image': 'http://qidian.qpic.cn/qdbimg/349573/1010168527/150', 'author': '七乐', 'state': '连载'}
Thu, 25 Jan 2018 21:40:27 respDownloader.py[line:27] INFO parse url:http://book.qidian.com/info/1003506122 and get response successful
Thu, 25 Jan 2018 21:40:27 NovelDataHandler_qiDian.py[line:73] INFO save data :{'recommend': 14983, 'source': '起点中文网', 'name': '宇宙的边缘世界', '_id': ObjectId('5a69de4b1d41c88c637f8226'), 'wordCount': 178.3, 'link': 'http://book.qidian.com/info/1003506122', 'image': 'http://qidian.qpic.cn/qdbimg/349573/1003506122/150', 'author': '原艾伦', 'state': '连载'}
Thu, 25 Jan 2018 21:40:27 respDownloader.py[line:27] INFO parse url:http://book.qidian.com/info/1009908634 and get response successful
Thu, 25 Jan 2018 21:40:27 NovelDataHandler_qiDian.py[line:73] INFO save data :{'recommend': 10244, 'source': '起点中文网', 'name': '末世之深渊召唤师', '_id': ObjectId('5a69de4b1d41c88c637f8227'), 'wordCount': 93.31, 'link': 'http://book.qidian.com/info/1009908634', 'image': 'http://qidian.qpic.cn/qdbimg/349573/1009908634/150', 'author': '凉心未暖', 'state': '连载'}
Thu, 25 Jan 2018 21:40:28 respDownloader.py[line:27] INFO parse url:http://book.qidian.com/info/3448152 and get response successful
Thu, 25 Jan 2018 21:40:28 NovelDataHandler_qiDian.py[line:73] INFO save data :{'recommend': 9709, 'source': '起点中文网', 'name': '机战无限', '_id': ObjectId('5a69de4c1d41c88c637f8228'), 'wordCount': 487.12, 'link': 'http://book.qidian.com/info/3448152', 'image': 'http://qidian.qpic.cn/qdbimg/349573/3448152/150', 'author': '亦醉', 'state': '连载'}
Thu, 25 Jan 2018 21:40:30 respDownloader.py[line:24] ERROR HTTPSConnectionPool(host='book.qidian.com', port=443): Read timed out.
Thu, 25 Jan 2018 21:40:30 respDownloader.py[line:24] ERROR HTTPSConnectionPool(host='book.qidian.com', port=443): Read timed out.
Thu, 25 Jan 2018 21:40:34 respDownloader.py[line:27] INFO parse url:http://book.qidian.com/info/1010808000 and get response successful
Thu, 25 Jan 2018 21:40:34 NovelDataHandler_qiDian.py[line:73] INFO save data :{'recommend': 21254, 'source': '起点中文网', 'name': '超级丧尸工厂', '_id': ObjectId('5a69de521d41c88c637f8229'), 'wordCount': 46.21, 'link': 'http://book.qidian.com/info/1010808000', 'image': 'http://qidian.qpic.cn/qdbimg/349573/1010808000/150', 'author': '雨水', 'state': '连载'}
Thu, 25 Jan 2018 21:40:35 respDownloader.py[line:27] INFO parse url:http://book.qidian.com/info/1010452547 and get response successful
Thu, 25 Jan 2018 21:40:35 NovelDataHandler_qiDian.py[line:73] INFO save data :{'recommend': 19389, 'source': '起点中文网', 'name': '星界游民', '_id': ObjectId('5a69de531d41c88c637f822a'), 'wordCount': 76.5, 'link': 'http://book.qidian.com/info/1010452547', 'image': 'http://qidian.qpic.cn/qdbimg/349573/1010452547/150', 'author': '晨星LL', 'state': '连载'}
Thu, 25 Jan 2018 21:40:35 respDownloader.py[line:27] INFO parse url:http://book.qidian.com/info/1011085659 and get response successful
Thu, 25 Jan 2018 21:40:35 NovelDataHandler_qiDian.py[line:73] INFO save data :{'recommend': 116517, 'source': '起点中文网', 'name': '纣临', '_id': ObjectId('5a69de531d41c88c637f822b'), 'wordCount': 6.7, 'link': 'http://book.qidian.com/info/1011085659', 'image': 'http://qidian.qpic.cn/qdbimg/349573/1011085659/150', 'author': '三天两觉', 'state': '连载'}
Thu, 25 Jan 2018 21:40:36 respDownloader.py[line:27] INFO parse url:http://book.qidian.com/info/1011067362 and get response successful
Thu, 25 Jan 2018 21:40:36 NovelDataHandler_qiDian.py[line:73] INFO save data :{'recommend': 9604, 'source': '起点中文网', 'name': '带着星际闯美幻', '_id': ObjectId('5a69de541d41c88c637f822c'), 'wordCount': 9.32, 'link': 'http://book.qidian.com/info/1011067362', 'image': 'http://qidian.qpic.cn/qdbimg/349573/1011067362/150', 'author': '位面劫匪', 'state': '连载'}
Thu, 25 Jan 2018 21:40:38 respDownloader.py[line:24] ERROR HTTPSConnectionPool(host='book.qidian.com', port=443): Read timed out.
Thu, 25 Jan 2018 21:40:38 respDownloader.py[line:24] ERROR HTTPSConnectionPool(host='book.qidian.com', port=443): Read timed out.
Thu, 25 Jan 2018 21:40:40 respDownloader.py[line:27] INFO parse url:http://book.qidian.com/info/1010463703 and get response successful
Thu, 25 Jan 2018 21:40:40 NovelDataHandler_qiDian.py[line:73] INFO save data :{'recommend': 81242, 'source': '起点中文网', 'name': '系统的黑科技网吧', '_id': ObjectId('5a69de581d41c88c637f822d'), 'wordCount': 95.23, 'link': 'http://book.qidian.com/info/1010463703', 'image': 'http://qidian.qpic.cn/qdbimg/349573/1010463703/150', 'author': '逆水之叶', 'state': '连载'}
Thu, 25 Jan 2018 21:40:41 respDownloader.py[line:27] INFO parse url:http://book.qidian.com/info/1010652335 and get response successful
Thu, 25 Jan 2018 21:40:41 NovelDataHandler_qiDian.py[line:73] INFO save data :{'recommend': 9517, 'source': '起点中文网', 'name': '宿主请留步', '_id': ObjectId('5a69de591d41c88c637f822e'), 'wordCount': 70.56, 'link': 'http://book.qidian.com/info/1010652335', 'image': 'http://qidian.qpic.cn/qdbimg/349573/1010652335/150', 'author': '雪落君', 'state': '连载'}
Thu, 25 Jan 2018 21:40:41 respDownloader.py[line:24] ERROR HTTPSConnectionPool(host='book.qidian.com', port=443): Read timed out.
Thu, 25 Jan 2018 21:40:42 respDownloader.py[line:27] INFO parse url:http://book.qidian.com/info/3439785 and get response successful
Thu, 25 Jan 2018 21:40:42 NovelDataHandler_qiDian.py[line:73] INFO save data :{'recommend': 52882, 'source': '起点中文网', 'name': '修真四万年', '_id': ObjectId('5a69de5a1d41c88c637f822f'), 'wordCount': 906.74, 'link': 'http://book.qidian.com/info/3439785', 'image': 'http://qidian.qpic.cn/qdbimg/349573/3439785/150', 'author': '卧牛真人', 'state': '连载'}
Thu, 25 Jan 2018 21:40:43 respDownloader.py[line:24] ERROR HTTPSConnectionPool(host='book.qidian.com', port=443): Read timed out.
Thu, 25 Jan 2018 21:40:43 respDownloader.py[line:27] INFO parse url:http://book.qidian.com/info/1010911953 and get response successful
Thu, 25 Jan 2018 21:40:43 NovelDataHandler_qiDian.py[line:73] INFO save data :{'recommend': 79184, 'source': '起点中文网', 'name': '环城术士', '_id': ObjectId('5a69de5b1d41c88c637f8230'), 'wordCount': 30.26, 'link': 'http://book.qidian.com/info/1010911953', 'image': 'http://qidian.qpic.cn/qdbimg/349573/1010911953/150', 'author': '黑袍雷斯林', 'state': '连载'}
Thu, 25 Jan 2018 21:40:44 respDownloader.py[line:27] INFO parse url:http://book.qidian.com/info/1004837400 and get response successful
Thu, 25 Jan 2018 21:40:44 NovelDataHandler_qiDian.py[line:73] INFO save data :{'recommend': 44330, 'source': '起点中文网', 'name': '直死无限', '_id': ObjectId('5a69de5c1d41c88c637f8231'), 'wordCount': 425.18, 'link': 'http://book.qidian.com/info/1004837400', 'image': 'http://qidian.qpic.cn/qdbimg/349573/1004837400/150', 'author': '如倾如诉', 'state': '连载'}
Thu, 25 Jan 2018 21:40:48 respDownloader.py[line:27] INFO parse url:http://book.qidian.com/info/1009243008 and get response successful
Thu, 25 Jan 2018 21:40:48 NovelDataHandler_qiDian.py[line:73] INFO save data :{'recommend': 47191, 'source': '起点中文网', 'name': '电影的世界', '_id': ObjectId('5a69de601d41c88c637f8232'), 'wordCount': 107.76, 'link': 'http://book.qidian.com/info/1009243008', 'image': 'http://qidian.qpic.cn/qdbimg/349573/1009243008/150', 'author': '有梦之人', 'state': '连载'}
Thu, 25 Jan 2018 21:40:48 respDownloader.py[line:27] INFO parse url:http://book.qidian.com/info/1004936518 and get response successful
Thu, 25 Jan 2018 21:40:48 NovelDataHandler_qiDian.py[line:73] INFO save data :{'recommend': 51175, 'source': '起点中文网', 'name': '未来天王', '_id': ObjectId('5a69de601d41c88c637f8233'), 'wordCount': 96.46, 'link': 'http://book.qidian.com/info/1004936518', 'image': 'http://qidian.qpic.cn/qdbimg/349573/1004936518/150', 'author': '陈词懒调', 'state': '连载'}
Thu, 25 Jan 2018 21:40:50 respDownloader.py[line:27] INFO parse url:http://book.qidian.com/info/1004596214 and get response successful
Thu, 25 Jan 2018 21:40:50 NovelDataHandler_qiDian.py[line:73] INFO save data :{'recommend': 36427, 'source': '起点中文网', 'name': '电视剧世界', '_id': ObjectId('5a69de621d41c88c637f8234'), 'wordCount': 8.27, 'link': 'http://book.qidian.com/info/1004596214', 'image': 'http://qidian.qpic.cn/qdbimg/349573/1004596214/150', 'author': '五方行尽', 'state': '连载'}
Thu, 25 Jan 2018 21:40:50 respDownloader.py[line:24] ERROR HTTPSConnectionPool(host='book.qidian.com', port=443): Read timed out.
Thu, 25 Jan 2018 21:40:51 respDownloader.py[line:27] INFO parse url:http://book.qidian.com/info/1003504656 and get response successful
Thu, 25 Jan 2018 21:40:51 NovelDataHandler_qiDian.py[line:73] INFO save data :{'recommend': 33817, 'source': '起点中文网', 'name': '史上最强店主', '_id': ObjectId('5a69de631d41c88c637f8235'), 'wordCount': 339.44, 'link': 'http://book.qidian.com/info/1003504656', 'image': 'http://qidian.qpic.cn/qdbimg/349573/1003504656/150', 'author': '南极烈日', 'state': '连载'}
Thu, 25 Jan 2018 21:40:52 respDownloader.py[line:27] INFO parse url:http://book.qidian.com/info/1010056296 and get response successful
Thu, 25 Jan 2018 21:40:52 NovelDataHandler_qiDian.py[line:73] INFO save data :{'recommend': 10169, 'source': '起点中文网', 'name': '全能庄园', '_id': ObjectId('5a69de641d41c88c637f8236'), 'wordCount': 101.62, 'link': 'http://book.qidian.com/info/1010056296', 'image': 'http://qidian.qpic.cn/qdbimg/349573/1010056296/150', 'author': '君不见', 'state': '连载'}
Thu, 25 Jan 2018 21:40:53 respDownloader.py[line:27] INFO parse url:http://book.qidian.com/info/1011021074 and get response successful
Thu, 25 Jan 2018 21:40:53 NovelDataHandler_qiDian.py[line:73] INFO save data :{'recommend': 33584, 'source': '起点中文网', 'name': '星位行商贩', '_id': ObjectId('5a69de651d41c88c637f8237'), 'wordCount': 18.75, 'link': 'http://book.qidian.com/info/1011021074', 'image': 'http://qidian.qpic.cn/qdbimg/349573/1011021074/150', 'author': '北野残阳', 'state': '连载'}
Thu, 25 Jan 2018 21:40:54 respDownloader.py[line:24] ERROR HTTPSConnectionPool(host='book.qidian.com', port=443): Read timed out.
Thu, 25 Jan 2018 21:40:55 respDownloader.py[line:27] INFO parse url:http://book.qidian.com/info/1004832102 and get response successful
Thu, 25 Jan 2018 21:40:55 NovelDataHandler_qiDian.py[line:73] INFO save data :{'recommend': 21396, 'source': '起点中文网', 'name': '我的末世基地车', '_id': ObjectId('5a69de671d41c88c637f8238'), 'wordCount': 148.76, 'link': 'http://book.qidian.com/info/1004832102', 'image': 'http://qidian.qpic.cn/qdbimg/349573/1004832102/150', 'author': '黑暗荔枝', 'state': '连载'}
Thu, 25 Jan 2018 21:40:57 respDownloader.py[line:27] INFO parse url:http://book.qidian.com/info/1010426071 and get response successful
Thu, 25 Jan 2018 21:40:57 NovelDataHandler_qiDian.py[line:73] INFO save data :{'recommend': 30012, 'source': '起点中文网', 'name': '诸界末日在线', '_id': ObjectId('5a69de691d41c88c637f8239'), 'wordCount': 76.22, 'link': 'http://book.qidian.com/info/1010426071', 'image': 'http://qidian.qpic.cn/qdbimg/349573/1010426071/150', 'author': '烟火成城', 'state': '连载'}
Thu, 25 Jan 2018 21:40:59 respDownloader.py[line:27] INFO parse url:http://book.qidian.com/info/1010766670 and get response successful
Thu, 25 Jan 2018 21:40:59 NovelDataHandler_qiDian.py[line:73] INFO save data :{'recommend': 33998, 'source': '起点中文网', 'name': '我被系统托管了', '_id': ObjectId('5a69de6b1d41c88c637f823a'), 'wordCount': 59.53, 'link': 'http://book.qidian.com/info/1010766670', 'image': 'http://qidian.qpic.cn/qdbimg/349573/1010766670/150', 'author': '木恒', 'state': '连载'}
Thu, 25 Jan 2018 21:40:59 respDownloader.py[line:27] INFO parse url:http://book.qidian.com/info/1010705571 and get response successful
Thu, 25 Jan 2018 21:40:59 NovelDataHandler_qiDian.py[line:73] INFO save data :{'recommend': 11177, 'source': '起点中文网', 'name': '主神调查员', '_id': ObjectId('5a69de6b1d41c88c637f823b'), 'wordCount': 71.0, 'link': 'http://book.qidian.com/info/1010705571', 'image': 'http://qidian.qpic.cn/qdbimg/349573/1010705571/150', 'author': '小仲牛', 'state': '连载'}
Thu, 25 Jan 2018 21:41:00 respDownloader.py[line:24] ERROR HTTPSConnectionPool(host='book.qidian.com', port=443): Read timed out.
Thu, 25 Jan 2018 21:41:00 respDownloader.py[line:27] INFO parse url:http://book.qidian.com/info/3242304 and get response successful
Thu, 25 Jan 2018 21:41:00 NovelDataHandler_qiDian.py[line:73] INFO save data :{'recommend': 175369, 'source': '起点中文网', 'name': '异常生物见闻录', '_id': ObjectId('5a69de6c1d41c88c637f823c'), 'wordCount': 509.51, 'link': 'http://book.qidian.com/info/3242304', 'image': 'http://qidian.qpic.cn/qdbimg/349573/3242304/150', 'author': '远瞳', 'state': '连载'}
Thu, 25 Jan 2018 21:41:00 respDownloader.py[line:27] INFO parse url:http://book.qidian.com/info/1006853204 and get response successful
Thu, 25 Jan 2018 21:41:00 NovelDataHandler_qiDian.py[line:73] INFO save data :{'recommend': 56776, 'source': '起点中文网', 'name': '文化入侵异世界', '_id': ObjectId('5a69de6c1d41c88c637f823d'), 'wordCount': 117.76, 'link': 'http://book.qidian.com/info/1006853204', 'image': 'http://qidian.qpic.cn/qdbimg/349573/1006853204/150', 'author': '姐姐的新娘', 'state': '连载'}
Thu, 25 Jan 2018 21:41:02 respDownloader.py[line:27] INFO parse url:http://book.qidian.com/info/1010890987 and get response successful
Thu, 25 Jan 2018 21:41:02 NovelDataHandler_qiDian.py[line:73] INFO save data :{'recommend': 24361, 'source': '起点中文网', 'name': '某美漫的机械主宰', '_id': ObjectId('5a69de6e1d41c88c637f823e'), 'wordCount': 33.15, 'link': 'http://book.qidian.com/info/1010890987', 'image': 'http://qidian.qpic.cn/qdbimg/349573/1010890987/150', 'author': '九命肥猫', 'state': '连载'}
Thu, 25 Jan 2018 21:41:02 respDownloader.py[line:24] ERROR HTTPSConnectionPool(host='book.qidian.com', port=443): Read timed out.
Thu, 25 Jan 2018 21:41:03 respDownloader.py[line:27] INFO parse url:http://book.qidian.com/info/1003307002 and get response successful
Thu, 25 Jan 2018 21:41:03 NovelDataHandler_qiDian.py[line:73] INFO save data :{'recommend': 25337, 'source': '起点中文网', 'name': '机破星河', '_id': ObjectId('5a69de6f1d41c88c637f823f'), 'wordCount': 326.45, 'link': 'http://book.qidian.com/info/1003307002', 'image': 'http://qidian.qpic.cn/qdbimg/349573/1003307002/150', 'author': '当年离歌', 'state': '连载'}
Thu, 25 Jan 2018 21:41:04 respDownloader.py[line:27] INFO parse url:http://book.qidian.com/info/3649762 and get response successful
Thu, 25 Jan 2018 21:41:05 NovelDataHandler_qiDian.py[line:73] INFO save data :{'recommend': 9031, 'source': '起点中文网', 'name': '末日轮盘', '_id': ObjectId('5a69de701d41c88c637f8240'), 'wordCount': 323.8, 'link': 'http://book.qidian.com/info/3649762', 'image': 'http://qidian.qpic.cn/qdbimg/349573/3649762/150', 'author': '幻动', 'state': '连载'}
Thu, 25 Jan 2018 21:41:06 respDownloader.py[line:24] ERROR HTTPSConnectionPool(host='book.qidian.com', port=443): Read timed out.
Thu, 25 Jan 2018 21:41:09 respDownloader.py[line:27] INFO parse url:http://book.qidian.com/info/3679576 and get response successful
Thu, 25 Jan 2018 21:41:09 NovelDataHandler_qiDian.py[line:73] INFO save data :{'recommend': 19328, 'source': '起点中文网', 'name': '幻游猎人', '_id': ObjectId('5a69de751d41c88c637f8241'), 'wordCount': 95.02, 'link': 'http://book.qidian.com/info/3679576', 'image': 'http://qidian.qpic.cn/qdbimg/349573/3679576/150', 'author': '纪茗', 'state': '连载'}
Thu, 25 Jan 2018 21:41:09 respDownloader.py[line:27] INFO parse url:http://book.qidian.com/info/1010830556 and get response successful
Thu, 25 Jan 2018 21:41:09 NovelDataHandler_qiDian.py[line:73] INFO save data :{'recommend': 8885, 'source': '起点中文网', 'name': '六万年之后', '_id': ObjectId('5a69de751d41c88c637f8242'), 'wordCount': 29.11, 'link': 'http://book.qidian.com/info/1010830556', 'image': 'http://qidian.qpic.cn/qdbimg/349573/1010830556/150', 'author': '青山铁杉', 'state': '连载'}
Thu, 25 Jan 2018 21:41:10 respDownloader.py[line:24] ERROR HTTPSConnectionPool(host='book.qidian.com', port=443): Read timed out. (read timeout=10)
Thu, 25 Jan 2018 21:41:11 respDownloader.py[line:27] INFO parse url:http://book.qidian.com/info/1003438608 and get response successful
Thu, 25 Jan 2018 21:41:11 NovelDataHandler_qiDian.py[line:73] INFO save data :{'recommend': 28215, 'source': '起点中文网', 'name': '废土崛起', '_id': ObjectId('5a69de771d41c88c637f8243'), 'wordCount': 440.68, 'link': 'http://book.qidian.com/info/1003438608', 'image': 'http://qidian.qpic.cn/qdbimg/349573/1003438608/150', 'author': '通吃道人.QD', 'state': '完本'}
Thu, 25 Jan 2018 21:41:12 respDownloader.py[line:24] ERROR HTTPSConnectionPool(host='book.qidian.com', port=443): Read timed out.
Thu, 25 Jan 2018 21:41:17 respDownloader.py[line:24] ERROR HTTPSConnectionPool(host='book.qidian.com', port=443): Read timed out.
Thu, 25 Jan 2018 21:41:19 respDownloader.py[line:27] INFO parse url:http://book.qidian.com/info/1009969633 and get response successful
Thu, 25 Jan 2018 21:41:19 NovelDataHandler_qiDian.py[line:73] INFO save data :{'recommend': 8884, 'source': '起点中文网', 'name': '征战万界', '_id': ObjectId('5a69de7f1d41c88c637f8244'), 'wordCount': 82.88, 'link': 'http://book.qidian.com/info/1009969633', 'image': 'http://qidian.qpic.cn/qdbimg/349573/1009969633/150', 'author': '隔壁老王01', 'state': '连载'}
Thu, 25 Jan 2018 21:41:19 respDownloader.py[line:27] INFO parse url:http://book.qidian.com/info/1009352060 and get response successful
Thu, 25 Jan 2018 21:41:19 NovelDataHandler_qiDian.py[line:73] INFO save data :{'recommend': 8868, 'source': '起点中文网', 'name': '诸天最强BOSS', '_id': ObjectId('5a69de7f1d41c88c637f8245'), 'wordCount': 120.93, 'link': 'http://book.qidian.com/info/1009352060', 'image': 'http://qidian.qpic.cn/qdbimg/349573/1009352060/150', 'author': '渡红尘', 'state': '连载'}
Thu, 25 Jan 2018 21:41:20 respDownloader.py[line:27] INFO parse url:http://book.qidian.com/info/1010474128 and get response successful
Thu, 25 Jan 2018 21:41:20 NovelDataHandler_qiDian.py[line:73] INFO save data :{'recommend': 37843, 'source': '起点中文网', 'name': '欢迎来到BOSS队', '_id': ObjectId('5a69de801d41c88c637f8246'), 'wordCount': 109.52, 'link': 'http://book.qidian.com/info/1010474128', 'image': 'http://qidian.qpic.cn/qdbimg/349573/1010474128/150', 'author': '李古丁', 'state': '连载'}
Thu, 25 Jan 2018 21:41:21 respDownloader.py[line:27] INFO parse url:http://book.qidian.com/info/1010804210 and get response successful
Thu, 25 Jan 2018 21:41:21 NovelDataHandler_qiDian.py[line:73] INFO save data :{'recommend': 9456, 'source': '起点中文网', 'name': '无限制穿越季', '_id': ObjectId('5a69de811d41c88c637f8247'), 'wordCount': 35.42, 'link': 'http://book.qidian.com/info/1010804210', 'image': 'http://qidian.qpic.cn/qdbimg/349573/1010804210/150', 'author': '不啃菠萝皮', 'state': '连载'}
Thu, 25 Jan 2018 21:41:21 respDownloader.py[line:24] ERROR HTTPSConnectionPool(host='book.qidian.com', port=443): Read timed out.
Thu, 25 Jan 2018 21:41:27 respDownloader.py[line:27] INFO parse url:http://book.qidian.com/info/1009659758 and get response successful
Thu, 25 Jan 2018 21:41:27 NovelDataHandler_qiDian.py[line:73] INFO save data :{'recommend': 8391, 'source': '起点中文网', 'name': '我是虚拟现实游戏公司总裁', '_id': ObjectId('5a69de871d41c88c637f8248'), 'wordCount': 110.75, 'link': 'http://book.qidian.com/info/1009659758', 'image': 'http://qidian.qpic.cn/qdbimg/349573/1009659758/150', 'author': '恶魔钢笔', 'state': '连载'}
Thu, 25 Jan 2018 21:41:27 respDownloader.py[line:27] INFO parse url:http://book.qidian.com/info/1010582019 and get response successful
Thu, 25 Jan 2018 21:41:27 NovelDataHandler_qiDian.py[line:73] INFO save data :{'recommend': 8165, 'source': '起点中文网', 'name': '科技图书馆', '_id': ObjectId('5a69de871d41c88c637f8249'), 'wordCount': 49.71, 'link': 'http://book.qidian.com/info/1010582019', 'image': 'http://qidian.qpic.cn/qdbimg/349573/1010582019/150', 'author': '孤胆蚂蚁', 'state': '连载'}
Thu, 25 Jan 2018 21:41:27 respDownloader.py[line:24] ERROR HTTPSConnectionPool(host='book.qidian.com', port=443): Read timed out. (read timeout=10)
Thu, 25 Jan 2018 21:41:28 respDownloader.py[line:24] ERROR HTTPSConnectionPool(host='book.qidian.com', port=443): Read timed out.
Thu, 25 Jan 2018 21:41:29 respDownloader.py[line:27] INFO parse url:http://book.qidian.com/info/1001776474 and get response successful
Thu, 25 Jan 2018 21:41:29 NovelDataHandler_qiDian.py[line:73] INFO save data :{'recommend': 9812, 'source': '起点中文网', 'name': '特殊事件专案组', '_id': ObjectId('5a69de891d41c88c637f824a'), 'wordCount': 236.24, 'link': 'http://book.qidian.com/info/1001776474', 'image': 'http://qidian.qpic.cn/qdbimg/349573/1001776474/150', 'author': '伴读小牧童', 'state': '连载'}
Thu, 25 Jan 2018 21:41:33 respDownloader.py[line:27] INFO parse url:http://book.qidian.com/info/1010702540 and get response successful
Thu, 25 Jan 2018 21:41:33 NovelDataHandler_qiDian.py[line:73] INFO save data :{'recommend': 8712, 'source': '起点中文网', 'name': '位面黑科技', '_id': ObjectId('5a69de8d1d41c88c637f824b'), 'wordCount': 42.0, 'link': 'http://book.qidian.com/info/1010702540', 'image': 'http://qidian.qpic.cn/qdbimg/349573/1010702540/150', 'author': '咬文嚼纸', 'state': '连载'}
Thu, 25 Jan 2018 21:41:35 respDownloader.py[line:27] INFO parse url:http://book.qidian.com/info/3358998 and get response successful
Thu, 25 Jan 2018 21:41:35 NovelDataHandler_qiDian.py[line:73] INFO save data :{'recommend': 8053, 'source': '起点中文网', 'name': '纪元黎明', '_id': ObjectId('5a69de8f1d41c88c637f824c'), 'wordCount': 173.27, 'link': 'http://book.qidian.com/info/3358998', 'image': 'http://qidian.qpic.cn/qdbimg/349573/3358998/150', 'author': '人勿玩人', 'state': '连载'}
Thu, 25 Jan 2018 21:41:38 respDownloader.py[line:27] INFO parse url:http://book.qidian.com/info/1010473170 and get response successful
Thu, 25 Jan 2018 21:41:38 NovelDataHandler_qiDian.py[line:73] INFO save data :{'recommend': 8720, 'source': '起点中文网', 'name': '无限十万年', '_id': ObjectId('5a69de921d41c88c637f824d'), 'wordCount': 95.24, 'link': 'http://book.qidian.com/info/1010473170', 'image': 'http://qidian.qpic.cn/qdbimg/349573/1010473170/150', 'author': '无量摩诃', 'state': '连载'}
Thu, 25 Jan 2018 21:41:38 respDownloader.py[line:24] ERROR HTTPSConnectionPool(host='book.qidian.com', port=443): Read timed out.
Thu, 25 Jan 2018 21:41:40 respDownloader.py[line:27] INFO parse url:http://book.qidian.com/info/1005831008 and get response successful
Thu, 25 Jan 2018 21:41:40 NovelDataHandler_qiDian.py[line:73] INFO save data :{'recommend': 7991, 'source': '起点中文网', 'name': '星纪武神', '_id': ObjectId('5a69de941d41c88c637f824e'), 'wordCount': 125.49, 'link': 'http://book.qidian.com/info/1005831008', 'image': 'http://qidian.qpic.cn/qdbimg/349573/1005831008/150', 'author': '曾画秋', 'state': '连载'}
Thu, 25 Jan 2018 21:41:41 respDownloader.py[line:24] ERROR HTTPSConnectionPool(host='book.qidian.com', port=443): Read timed out.
Thu, 25 Jan 2018 21:41:43 respDownloader.py[line:27] INFO parse url:http://book.qidian.com/info/1009968948 and get response successful
Thu, 25 Jan 2018 21:41:43 NovelDataHandler_qiDian.py[line:73] INFO save data :{'recommend': 9171, 'source': '起点中文网', 'name': '绝对交易', '_id': ObjectId('5a69de971d41c88c637f824f'), 'wordCount': 114.9, 'link': 'http://book.qidian.com/info/1009968948', 'image': 'http://qidian.qpic.cn/qdbimg/349573/1009968948/150', 'author': '隐语者', 'state': '连载'}
Thu, 25 Jan 2018 21:41:44 respDownloader.py[line:27] INFO parse url:http://book.qidian.com/info/1001649143 and get response successful
Thu, 25 Jan 2018 21:41:44 NovelDataHandler_qiDian.py[line:73] INFO save data :{'recommend': 8972, 'source': '起点中文网', 'name': '我的时空穿梭手机', '_id': ObjectId('5a69de981d41c88c637f8250'), 'wordCount': 410.46, 'link': 'http://book.qidian.com/info/1001649143', 'image': 'http://qidian.qpic.cn/qdbimg/349573/1001649143/150', 'author': '金色茉莉花', 'state': '连载'}
Thu, 25 Jan 2018 21:41:46 respDownloader.py[line:24] ERROR HTTPSConnectionPool(host='book.qidian.com', port=443): Read timed out.
Thu, 25 Jan 2018 21:41:46 respDownloader.py[line:27] INFO parse url:http://book.qidian.com/info/1009979264 and get response successful
Thu, 25 Jan 2018 21:41:46 NovelDataHandler_qiDian.py[line:73] INFO save data :{'recommend': 7736, 'source': '起点中文网', 'name': '红警之超时空兵团', '_id': ObjectId('5a69de9a1d41c88c637f8251'), 'wordCount': 109.03, 'link': 'http://book.qidian.com/info/1009979264', 'image': 'http://qidian.qpic.cn/qdbimg/349573/1009979264/150', 'author': '华丽的虚伪', 'state': '连载'}
Thu, 25 Jan 2018 21:41:47 respDownloader.py[line:27] INFO parse url:http://book.qidian.com/info/1010918358 and get response successful
Thu, 25 Jan 2018 21:41:47 NovelDataHandler_qiDian.py[line:73] INFO save data :{'recommend': 7975, 'source': '起点中文网', 'name': '我的末日堡垒', '_id': ObjectId('5a69de9b1d41c88c637f8252'), 'wordCount': 30.91, 'link': 'http://book.qidian.com/info/1010918358', 'image': 'http://qidian.qpic.cn/qdbimg/349573/1010918358/150', 'author': '飞猫鼠', 'state': '连载'}
Thu, 25 Jan 2018 21:41:48 respDownloader.py[line:27] INFO parse url:http://book.qidian.com/info/1003560866 and get response successful
Thu, 25 Jan 2018 21:41:48 NovelDataHandler_qiDian.py[line:73] INFO save data :{'recommend': 7229, 'source': '起点中文网', 'name': '甲壳狂潮', '_id': ObjectId('5a69de9c1d41c88c637f8253'), 'wordCount': 246.32, 'link': 'http://book.qidian.com/info/1003560866', 'image': 'http://qidian.qpic.cn/qdbimg/349573/1003560866/150', 'author': '金属裂纹', 'state': '连载'}
Thu, 25 Jan 2018 21:41:48 respDownloader.py[line:24] ERROR HTTPSConnectionPool(host='book.qidian.com', port=443): Read timed out.
Thu, 25 Jan 2018 21:41:51 respDownloader.py[line:27] INFO parse url:http://book.qidian.com/info/1010510263 and get response successful
Thu, 25 Jan 2018 21:41:51 NovelDataHandler_qiDian.py[line:73] INFO save data :{'recommend': 8692, 'source': '起点中文网', 'name': '暗影熊提伯斯的位面之旅', '_id': ObjectId('5a69de9f1d41c88c637f8254'), 'wordCount': 115.46, 'link': 'http://book.qidian.com/info/1010510263', 'image': 'http://qidian.qpic.cn/qdbimg/349573/1010510263/150', 'author': '暗影熊', 'state': '连载'}
Thu, 25 Jan 2018 21:41:51 respDownloader.py[line:27] INFO parse url:http://book.qidian.com/info/1011040896 and get response successful
Thu, 25 Jan 2018 21:41:51 NovelDataHandler_qiDian.py[line:73] INFO save data :{'recommend': 6886, 'source': '起点中文网', 'name': '诸天投影', '_id': ObjectId('5a69de9f1d41c88c637f8255'), 'wordCount': 12.66, 'link': 'http://book.qidian.com/info/1011040896', 'image': 'http://qidian.qpic.cn/qdbimg/349573/1011040896/150', 'author': '裴屠狗', 'state': '连载'}
Thu, 25 Jan 2018 21:41:51 respDownloader.py[line:27] INFO parse url:http://book.qidian.com/info/1010256698 and get response successful
Thu, 25 Jan 2018 21:41:51 NovelDataHandler_qiDian.py[line:73] INFO save data :{'recommend': 29082, 'source': '起点中文网', 'name': '位面之纨绔生涯', '_id': ObjectId('5a69de9f1d41c88c637f8256'), 'wordCount': 100.72, 'link': 'http://book.qidian.com/info/1010256698', 'image': 'http://qidian.qpic.cn/qdbimg/349573/1010256698/150', 'author': '昨夜大雨', 'state': '连载'}
Thu, 25 Jan 2018 21:41:52 respDownloader.py[line:27] INFO parse url:http://book.qidian.com/info/3542798 and get response successful
Thu, 25 Jan 2018 21:41:52 NovelDataHandler_qiDian.py[line:73] INFO save data :{'recommend': 23284, 'source': '起点中文网', 'name': '幻想世界大穿越', '_id': ObjectId('5a69dea01d41c88c637f8257'), 'wordCount': 235.11, 'link': 'http://book.qidian.com/info/3542798', 'image': 'http://qidian.qpic.cn/qdbimg/349573/3542798/150', 'author': '辰一十一', 'state': '连载'}
Thu, 25 Jan 2018 21:41:53 respDownloader.py[line:27] INFO parse url:http://book.qidian.com/info/3185575 and get response successful
Thu, 25 Jan 2018 21:41:53 NovelDataHandler_qiDian.py[line:73] INFO save data :{'recommend': 7080, 'source': '起点中文网', 'name': '随身带着星际争霸', '_id': ObjectId('5a69dea11d41c88c637f8258'), 'wordCount': 625.17, 'link': 'http://book.qidian.com/info/3185575', 'image': 'http://qidian.qpic.cn/qdbimg/349573/3185575/150', 'author': '暴兵对A', 'state': '连载'}
Thu, 25 Jan 2018 21:41:55 respDownloader.py[line:27] INFO parse url:http://book.qidian.com/info/1010810478 and get response successful
Thu, 25 Jan 2018 21:41:55 NovelDataHandler_qiDian.py[line:73] INFO save data :{'recommend': 6652, 'source': '起点中文网', 'name': '我的钢铁战衣', '_id': ObjectId('5a69dea31d41c88c637f8259'), 'wordCount': 18.22, 'link': 'http://book.qidian.com/info/1010810478', 'image': 'http://qidian.qpic.cn/qdbimg/349573/1010810478/150', 'author': '钢铁战衣', 'state': '连载'}
Thu, 25 Jan 2018 21:41:58 respDownloader.py[line:27] INFO parse url:http://book.qidian.com/info/1011052531 and get response successful
Thu, 25 Jan 2018 21:41:58 NovelDataHandler_qiDian.py[line:73] INFO save data :{'recommend': 6295, 'source': '起点中文网', 'name': '我有一个时空门', '_id': ObjectId('5a69dea61d41c88c637f825a'), 'wordCount': 10.61, 'link': 'http://book.qidian.com/info/1011052531', 'image': 'http://qidian.qpic.cn/qdbimg/349573/1011052531/150', 'author': '寂寞的化石', 'state': '连载'}
Thu, 25 Jan 2018 21:41:58 respDownloader.py[line:27] INFO parse url:http://book.qidian.com/info/1010314675 and get response successful
Thu, 25 Jan 2018 21:41:58 NovelDataHandler_qiDian.py[line:73] INFO save data :{'recommend': 6460, 'source': '起点中文网', 'name': '末世之宠物为王', '_id': ObjectId('5a69dea61d41c88c637f825b'), 'wordCount': 77.42, 'link': 'http://book.qidian.com/info/1010314675', 'image': 'http://qidian.qpic.cn/qdbimg/349573/1010314675/150', 'author': '六枭', 'state': '连载'}
Thu, 25 Jan 2018 21:41:59 respDownloader.py[line:27] INFO parse url:http://book.qidian.com/info/1006687955 and get response successful
Thu, 25 Jan 2018 21:41:59 NovelDataHandler_qiDian.py[line:73] INFO save data :{'recommend': 6140, 'source': '起点中文网', 'name': '动画世界大冒险', '_id': ObjectId('5a69dea71d41c88c637f825c'), 'wordCount': 233.21, 'link': 'http://book.qidian.com/info/1006687955', 'image': 'http://qidian.qpic.cn/qdbimg/349573/1006687955/150', 'author': '穷四', 'state': '连载'}
Thu, 25 Jan 2018 21:42:00 respDownloader.py[line:27] INFO parse url:http://book.qidian.com/info/1009683310 and get response successful
Thu, 25 Jan 2018 21:42:00 NovelDataHandler_qiDian.py[line:73] INFO save data :{'recommend': 6884, 'source': '起点中文网', 'name': '最终猎杀', '_id': ObjectId('5a69dea81d41c88c637f825d'), 'wordCount': 96.8, 'link': 'http://book.qidian.com/info/1009683310', 'image': 'http://qidian.qpic.cn/qdbimg/349573/1009683310/150', 'author': '大飞艇', 'state': '连载'}
Thu, 25 Jan 2018 21:42:01 respDownloader.py[line:27] INFO parse url:http://book.qidian.com/info/3050393 and get response successful
Thu, 25 Jan 2018 21:42:01 NovelDataHandler_qiDian.py[line:73] INFO save data :{'recommend': 5603, 'source': '起点中文网', 'name': '漫步在武侠世界', '_id': ObjectId('5a69dea91d41c88c637f825e'), 'wordCount': 311.14, 'link': 'http://book.qidian.com/info/3050393', 'image': 'http://qidian.qpic.cn/qdbimg/349573/3050393/150', 'author': '四咸', 'state': '连载'}
Thu, 25 Jan 2018 21:42:02 respDownloader.py[line:27] INFO parse url:http://book.qidian.com/info/1011095035 and get response successful
Thu, 25 Jan 2018 21:42:02 NovelDataHandler_qiDian.py[line:73] INFO save data :{'recommend': 5830, 'source': '起点中文网', 'name': '卡牌漫威', '_id': ObjectId('5a69deaa1d41c88c637f825f'), 'wordCount': 14.1, 'link': 'http://book.qidian.com/info/1011095035', 'image': 'http://qidian.qpic.cn/qdbimg/349573/1011095035/150', 'author': '轩野四寂', 'state': '连载'}
Thu, 25 Jan 2018 21:42:02 respDownloader.py[line:27] INFO parse url:http://book.qidian.com/info/1010475081 and get response successful
Thu, 25 Jan 2018 21:42:02 NovelDataHandler_qiDian.py[line:73] INFO save data :{'recommend': 7415, 'source': '起点中文网', 'name': '深空之下', '_id': ObjectId('5a69deaa1d41c88c637f8260'), 'wordCount': 71.56, 'link': 'http://book.qidian.com/info/1010475081', 'image': 'http://qidian.qpic.cn/qdbimg/349573/1010475081/150', 'author': '最终永恒', 'state': '连载'}
Thu, 25 Jan 2018 21:42:03 respDownloader.py[line:27] INFO parse url:http://book.qidian.com/info/1463673 and get response successful
Thu, 25 Jan 2018 21:42:03 NovelDataHandler_qiDian.py[line:73] INFO save data :{'recommend': 5440, 'source': '起点中文网', 'name': '希灵帝国', '_id': ObjectId('5a69deab1d41c88c637f8261'), 'wordCount': 805.37, 'link': 'http://book.qidian.com/info/1463673', 'image': 'http://qidian.qpic.cn/qdbimg/349573/1463673/150', 'author': '远瞳', 'state': '连载'}
Thu, 25 Jan 2018 21:42:05 respDownloader.py[line:27] INFO parse url:http://book.qidian.com/info/1010695701 and get response successful
Thu, 25 Jan 2018 21:42:05 NovelDataHandler_qiDian.py[line:73] INFO save data :{'recommend': 7002, 'source': '起点中文网', 'name': '炼金师的太空堡垒', '_id': ObjectId('5a69dead1d41c88c637f8262'), 'wordCount': 40.49, 'link': 'http://book.qidian.com/info/1010695701', 'image': 'http://qidian.qpic.cn/qdbimg/349573/1010695701/150', 'author': '不灭灯芯', 'state': '连载'}
Thu, 25 Jan 2018 21:42:05 respDownloader.py[line:24] ERROR HTTPSConnectionPool(host='book.qidian.com', port=443): Read timed out.
Thu, 25 Jan 2018 21:42:06 respDownloader.py[line:24] ERROR HTTPSConnectionPool(host='book.qidian.com', port=443): Read timed out.
Thu, 25 Jan 2018 21:42:07 respDownloader.py[line:27] INFO parse url:http://book.qidian.com/info/1010287217 and get response successful
Thu, 25 Jan 2018 21:42:07 NovelDataHandler_qiDian.py[line:73] INFO save data :{'recommend': 5496, 'source': '起点中文网', 'name': '最终深渊', '_id': ObjectId('5a69deaf1d41c88c637f8263'), 'wordCount': 56.35, 'link': 'http://book.qidian.com/info/1010287217', 'image': 'http://qidian.qpic.cn/qdbimg/349573/1010287217/150', 'author': '一条咸鱼而已', 'state': '连载'}
Thu, 25 Jan 2018 21:42:08 respDownloader.py[line:27] INFO parse url:http://book.qidian.com/info/1010456835 and get response successful
Thu, 25 Jan 2018 21:42:08 NovelDataHandler_qiDian.py[line:73] INFO save data :{'recommend': 5563, 'source': '起点中文网', 'name': '某美漫的一方通行', '_id': ObjectId('5a69deb01d41c88c637f8264'), 'wordCount': 76.12, 'link': 'http://book.qidian.com/info/1010456835', 'image': 'http://qidian.qpic.cn/qdbimg/349573/1010456835/150', 'author': '月空楼阁', 'state': '连载'}
Thu, 25 Jan 2018 21:42:08 respDownloader.py[line:27] INFO parse url:http://book.qidian.com/info/1010969487 and get response successful
Thu, 25 Jan 2018 21:42:08 NovelDataHandler_qiDian.py[line:73] INFO save data :{'recommend': 5388, 'source': '起点中文网', 'name': '美漫老油条', '_id': ObjectId('5a69deb01d41c88c637f8265'), 'wordCount': 18.58, 'link': 'http://book.qidian.com/info/1010969487', 'image': 'http://qidian.qpic.cn/qdbimg/349573/1010969487/150', 'author': '禹脉不肖子', 'state': '连载'}
Thu, 25 Jan 2018 21:42:10 respDownloader.py[line:27] INFO parse url:http://book.qidian.com/info/1010606730 and get response successful
Thu, 25 Jan 2018 21:42:10 NovelDataHandler_qiDian.py[line:73] INFO save data :{'recommend': 7593, 'source': '起点中文网', 'name': '从超神学院开始的穿越日常', '_id': ObjectId('5a69deb21d41c88c637f8266'), 'wordCount': 39.15, 'link': 'http://book.qidian.com/info/1010606730', 'image': 'http://qidian.qpic.cn/qdbimg/349573/1010606730/150', 'author': '我步入地狱', 'state': '连载'}
Thu, 25 Jan 2018 21:42:10 respDownloader.py[line:27] INFO parse url:http://book.qidian.com/info/1010186917 and get response successful
Thu, 25 Jan 2018 21:42:10 NovelDataHandler_qiDian.py[line:73] INFO save data :{'recommend': 5843, 'source': '起点中文网', 'name': '科技邪神', '_id': ObjectId('5a69deb21d41c88c637f8267'), 'wordCount': 39.45, 'link': 'http://book.qidian.com/info/1010186917', 'image': 'http://qidian.qpic.cn/qdbimg/349573/1010186917/150', 'author': '东海猪妖', 'state': '连载'}
Thu, 25 Jan 2018 21:42:10 respDownloader.py[line:24] ERROR HTTPSConnectionPool(host='book.qidian.com', port=443): Read timed out.
Thu, 25 Jan 2018 21:42:10 respDownloader.py[line:27] INFO parse url:http://book.qidian.com/info/1010293035 and get response successful
Thu, 25 Jan 2018 21:42:11 NovelDataHandler_qiDian.py[line:73] INFO save data :{'recommend': 6669, 'source': '起点中文网', 'name': '穿梭时空的侠客', '_id': ObjectId('5a69deb31d41c88c637f8268'), 'wordCount': 75.63, 'link': 'http://book.qidian.com/info/1010293035', 'image': 'http://qidian.qpic.cn/qdbimg/349573/1010293035/150', 'author': '牵牛喂大将军', 'state': '连载'}
Thu, 25 Jan 2018 21:42:14 respDownloader.py[line:24] ERROR HTTPSConnectionPool(host='book.qidian.com', port=443): Read timed out.
Thu, 25 Jan 2018 21:42:15 respDownloader.py[line:27] INFO parse url:http://book.qidian.com/info/1005776752 and get response successful
Thu, 25 Jan 2018 21:42:15 NovelDataHandler_qiDian.py[line:73] INFO save data :{'recommend': 5415, 'source': '起点中文网', 'name': '未来宠物店', '_id': ObjectId('5a69deb71d41c88c637f8269'), 'wordCount': 197.03, 'link': 'http://book.qidian.com/info/1005776752', 'image': 'http://qidian.qpic.cn/qdbimg/349573/1005776752/150', 'author': '维斯特帕列', 'state': '连载'}
Thu, 25 Jan 2018 21:42:15 respDownloader.py[line:27] INFO parse url:http://book.qidian.com/info/1010976566 and get response successful
Thu, 25 Jan 2018 21:42:15 NovelDataHandler_qiDian.py[line:73] INFO save data :{'recommend': 5292, 'source': '起点中文网', 'name': '某美漫的次元卡皇', '_id': ObjectId('5a69deb71d41c88c637f826a'), 'wordCount': 10.0, 'link': 'http://book.qidian.com/info/1010976566', 'image': 'http://qidian.qpic.cn/qdbimg/349573/1010976566/150', 'author': '无语哽咽', 'state': '连载'}
Thu, 25 Jan 2018 21:42:16 respDownloader.py[line:27] INFO parse url:http://book.qidian.com/info/1867586 and get response successful
Thu, 25 Jan 2018 21:42:16 NovelDataHandler_qiDian.py[line:73] INFO save data :{'recommend': 6991, 'source': '起点中文网', 'name': '超级基因优化液', '_id': ObjectId('5a69deb81d41c88c637f826b'), 'wordCount': 478.66, 'link': 'http://book.qidian.com/info/1867586', 'image': 'http://qidian.qpic.cn/qdbimg/349573/1867586/150', 'author': '秒速九光年', 'state': '连载'}
Thu, 25 Jan 2018 21:42:16 respDownloader.py[line:27] INFO parse url:http://book.qidian.com/info/1010808341 and get response successful
Thu, 25 Jan 2018 21:42:16 NovelDataHandler_qiDian.py[line:73] INFO save data :{'recommend': 6143, 'source': '起点中文网', 'name': '仙武世界大穿越', '_id': ObjectId('5a69deb81d41c88c637f826c'), 'wordCount': 41.09, 'link': 'http://book.qidian.com/info/1010808341', 'image': 'http://qidian.qpic.cn/qdbimg/349573/1010808341/150', 'author': '我为谪仙人', 'state': '连载'}
Thu, 25 Jan 2018 21:42:20 respDownloader.py[line:27] INFO parse url:http://book.qidian.com/info/1005012326 and get response successful
Thu, 25 Jan 2018 21:42:20 NovelDataHandler_qiDian.py[line:73] INFO save data :{'recommend': 7647, 'source': '起点中文网', 'name': '开发次元世界', '_id': ObjectId('5a69debc1d41c88c637f826d'), 'wordCount': 200.84, 'link': 'http://book.qidian.com/info/1005012326', 'image': 'http://qidian.qpic.cn/qdbimg/349573/1005012326/150', 'author': '锈迹符文', 'state': '连载'}
