Thu, 25 Jan 2018 21:32:12 weibo.py[line:56] INFO video spider begin to run
Thu, 25 Jan 2018 21:32:16 weibo.py[line:43] INFO parse url https://weibo.com/u/5644848255?is_all=1 and get response successful!, 
Thu, 25 Jan 2018 21:32:16 weibo.py[line:58] INFO parse url to get cookie
Thu, 25 Jan 2018 21:32:17 weibo.py[line:63] INFO get cookie successful, the key cookie is b35da6f93109faa87e8c89e98abf1260
Thu, 25 Jan 2018 21:32:17 weibo.py[line:66] INFO format cookie into request headers successful
Thu, 25 Jan 2018 21:32:21 weibo.py[line:43] INFO parse url https://weibo.com/u/5644848255?is_all=1 and get response successful!, 
Thu, 25 Jan 2018 21:32:21 weibo.py[line:74] INFO parse url to get response content string for data successful
Thu, 25 Jan 2018 21:32:21 videoDataHandler.py[line:80] INFO hand the html text into we need successful
Thu, 25 Jan 2018 21:32:21 videoDataHandler.py[line:83] INFO get elements for xpath successful
Thu, 25 Jan 2018 21:32:21 videoDataHandler.py[line:98] INFO threading which named videoDataHander2 to check and save data
Thu, 25 Jan 2018 21:32:21 videoDataHandler.py[line:98] INFO threading which named videoDataHander2 to check and save data
Thu, 25 Jan 2018 21:32:21 videoDataHandler.py[line:98] INFO threading which named videoDataHander2 to check and save data
Thu, 25 Jan 2018 21:32:21 videoDataHandler.py[line:73] INFO save data :{'intro': '一说起经典小游戏，曾经火爆全球的植物大战僵尸一定名列其中，大庆以前也是玩的如痴如醉，今天我们就重温一下经典，把微信头像也弄成植物大战僵尸的样子，超有个性哦。', 'image': 'http://dslb.cdn.krcom.cn/stream/74KvSa6LPGnHbPxv5NaHiuxvFKdQJ~waUkFNdw___32768.jpg', 'finger': 'c007f91b8b9381f2ccab522d77874098', '_id': ObjectId('5a69dc651d41c88b0eca95f1'), 'video': 'http://gslb.miaopai.com/stream/74KvSa6LPGnHbPxv5NaHiuxvFKdQJ~waUkFNdw__.mp4?yx=&refer=weibo_app&Expires=1516890739&ssig=NW84H1q4pn&KID=unistore', 'addtime': 1516887141.4446304}
Thu, 25 Jan 2018 21:32:21 videoDataHandler.py[line:73] INFO save data :{'intro': '包括大庆在内，相信很多小伙伴最近被一款游戏刷屏了，玩过的人都沉迷不可自拔，这到底是啥游戏呢？大庆也赶紧去体验了一下，真的是特别有趣，一玩就停不下来了。', 'image': 'http://dslb.cdn.krcom.cn/stream/AnKHQHH5Fd7OpsTUKbSx5s3NQPOvAQ4pZ2St8Q___32768.jpg', 'finger': 'a3e45500478ac1f873b2080fc02bbc19', '_id': ObjectId('5a69dc651d41c88b0eca95f0'), 'video': 'http://gslb.miaopai.com/stream/AnKHQHH5Fd7OpsTUKbSx5s3NQPOvAQ4pZ2St8Q__.mp4?yx=&refer=weibo_app&Expires=1516890739&ssig=8bscnlP82e&KID=unistore', 'addtime': 1516887141.4434927}
Thu, 25 Jan 2018 21:32:21 videoDataHandler.py[line:73] INFO save data :{'intro': '在手机上养动物，大庆之前已经分享过好几次兔子老鼠小鱼什么的了，不过还是有很多人表示很喜欢，想要更多动物，那今天我们就玩一个恐怖的吧，手机里有条蛇，很吓人哦。', 'image': 'http://dslb.cdn.krcom.cn/stream/UNSymI8aJp~PPk8uVCfYDdE0-7nxTpPFGx2fAQ___32768.jpg', 'finger': '0425c086f295f2132b2710a43033fbc9', '_id': ObjectId('5a69dc651d41c88b0eca95ef'), 'video': 'http://gslb.miaopai.com/stream/UNSymI8aJp~PPk8uVCfYDdE0-7nxTpPFGx2fAQ__.mp4?yx=&refer=weibo_app&Expires=1516890739&ssig=jY7HdNMrBW&KID=unistore', 'addtime': 1516887141.4431257}
Thu, 25 Jan 2018 21:32:21 videoDataHandler.py[line:73] INFO save data :{'intro': '虽然现在电动汽车遍地开花，然而我们不得不面对两个致命问题，那就是续航里程不足以及充电耗时长，不过之前我们介绍过可以行千里的Quantino就不用为此担心，加加盐水就能跑，如今这辆液流燃料车的改款更加接近量产版。', 'image': 'http://dslb.cdn.krcom.cn/stream/3OrQl2K5rhSi251sUCEXgM2BLEcck55S5Qpb~w___32768.jpg', 'finger': '7ee9672a275614a288c1c6e7129a0b46', '_id': ObjectId('5a69dc651d41c88b0eca95f2'), 'video': 'http://gslb.miaopai.com/stream/3OrQl2K5rhSi251sUCEXgM2BLEcck55S5Qpb~w__.mp4?yx=&refer=weibo_app&Expires=1516890739&ssig=1nlxJwREq%2B&KID=unistore', 'addtime': 1516887141.547015}
Thu, 25 Jan 2018 21:32:21 videoDataHandler.py[line:73] INFO save data :{'intro': '都说细节决定成败，面试或者谈工作的时候，一套笔挺的西装很容易得到对方的加分。不过要保持西装笔挺却不容易，地铁电梯里挤一挤十有八九就变皱变脏了，加分不成反倒还要减分了。如果能有件防污防皱的西装就好了，于是有人就设计出了X', 'image': 'http://dslb.cdn.krcom.cn/stream/cvSAh86CA2I7DQVn9nBPvX~o7bx-1nMiyTj6SA___32768.jpg', 'finger': '15e327e1db6cb08aae0a30d6b26f5c14', '_id': ObjectId('5a69dc651d41c88b0eca95f3'), 'video': 'http://gslb.miaopai.com/stream/cvSAh86CA2I7DQVn9nBPvX~o7bx-1nMiyTj6SA__.mp4?yx=&refer=weibo_app&Expires=1516890739&ssig=o520%2BNg%2FUh&KID=unistore', 'addtime': 1516887141.551958}
Thu, 25 Jan 2018 21:32:21 videoDataHandler.py[line:73] INFO save data :{'intro': '厕所堵塞很多人都遇到过，皮搋子、通渠剂一齐上阵，搞定了就最好，如果还不成就只能请师傅上门了。这要发生在自己家都还算好，可如果在别人家里碰上了，真是再也无颜见对方了。为了解决这种尴尬，有人就发明了款马桶气枪，简直就是通马桶', 'image': 'http://dslb.cdn.krcom.cn/stream/pgDCTOQA2AUAbPtsT1pb94TUHvqbBWT4v3IWvA___32768.jpg', 'finger': 'bc66401f1330f3b8bafc53aed093c413', '_id': ObjectId('5a69dc651d41c88b0eca95f4'), 'video': 'http://gslb.miaopai.com/stream/pgDCTOQA2AUAbPtsT1pb94TUHvqbBWT4v3IWvA__.mp4?yx=&refer=weibo_app&Expires=1516890739&ssig=GHCOo%2Fym6j&KID=unistore', 'addtime': 1516887141.5564528}
Thu, 25 Jan 2018 21:32:21 videoDataHandler.py[line:73] INFO save data :{'intro': '战斗民族深受雪神眷顾，下起雪来那叫个大气，一晚上就能堆起来，几乎整个冬天都要埋在几米厚的雪里度过。面对这样的深雪地，如果还想要安稳得高速奔驰，那就只能是开履带车了，于是有位机械师就把自己的汽车改装成了辆超级坦克汽车，雪地', 'image': 'http://dslb.cdn.krcom.cn/stream/EC8zHDkDrc0jUKFjFln5KzLkXWrXpVpCNv1Vuw___32768.jpg', 'finger': 'f3d844911a32b340068e2f8437bf67e6', '_id': ObjectId('5a69dc651d41c88b0eca95f6'), 'video': 'http://gslb.miaopai.com/stream/EC8zHDkDrc0jUKFjFln5KzLkXWrXpVpCNv1Vuw__.mp4?yx=&refer=weibo_app&Expires=1516890739&ssig=HZUADD%2FwMS&KID=unistore', 'addtime': 1516887141.5590832}
Thu, 25 Jan 2018 21:32:21 videoDataHandler.py[line:73] INFO save data :{'intro': '证件照要求太多，简直就是怎么丑怎么来，大庆以前就给大家分享过用手机拍合格的证件照，不过网友Kelly群分享了一个更好用的小程序，轻松做出最美证件照。', 'image': 'http://dslb.cdn.krcom.cn/stream/A2xZ0Bc2cSb2~~2-7MN002EqYJCmUXztbKwh9A___32768.jpg', 'finger': '53e1996467c4981bba6ea2c56c6ea40f', '_id': ObjectId('5a69dc651d41c88b0eca95f5'), 'video': 'http://gslb.miaopai.com/stream/A2xZ0Bc2cSb2~~2-7MN002EqYJCmUXztbKwh9A__.mp4?yx=&refer=weibo_app&Expires=1516890739&ssig=tUq2uvs%2BbJ&KID=unistore', 'addtime': 1516887141.5578628}
Thu, 25 Jan 2018 21:32:21 videoDataHandler.py[line:73] INFO save data :{'intro': '还记得大庆之前分享过的微信透明头像吗？都大半年了，给我们留言的观众里经常有透明人呢，今天大庆就再分享一个局部透明的头像，摆脱掉方形头像的框框，更有个性。', 'image': 'http://dslb.cdn.krcom.cn/stream/8ePkiX6g9xwN4WzH1i46A8XvTstcJRrGo-b8Fg___32768.jpg', 'finger': '11e0912d71688ce9a1bcdb00de2d6c7f', '_id': ObjectId('5a69dc651d41c88b0eca95f8'), 'video': 'http://gslb.miaopai.com/stream/8ePkiX6g9xwN4WzH1i46A8XvTstcJRrGo-b8Fg__.mp4?yx=&refer=weibo_app&Expires=1516890739&ssig=9ddyiwRe4d&KID=unistore', 'addtime': 1516887141.5625906}
Thu, 25 Jan 2018 21:32:21 videoDataHandler.py[line:73] INFO save data :{'intro': '虽说有着肉包铁的风险，但摩托车的帅气拉风值还是吸引了不少粉丝。以色列设计师Ivan Tantsiura就觉得，只有摩托车才是真正的王道，而如果能将摩托与飞行组合那就更是帅上加帅了，于是他就设计出了一款单人飞行摩托RIDO', 'image': 'http://dslb.cdn.krcom.cn/stream/NHKop3iNjE20fdFkdOQIFQePXR9nJz2zc3lQpA___32768.jpg', 'finger': 'b1fa342957c4658ba023154d16ed5f36', '_id': ObjectId('5a69dc651d41c88b0eca95f9'), 'video': 'http://gslb.miaopai.com/stream/NHKop3iNjE20fdFkdOQIFQePXR9nJz2zc3lQpA__.mp4?yx=&refer=weibo_app&Expires=1516890739&ssig=disr9kPoUc&KID=unistore', 'addtime': 1516887141.5630596}
Thu, 25 Jan 2018 21:32:21 videoDataHandler.py[line:68] INFO data repeat which finger with 8a581557899301de0a20e65a4b988821
Thu, 25 Jan 2018 21:32:21 videoDataHandler.py[line:68] INFO data repeat which finger with 2941a5d5dfae2599c18b71ea7b7c7404
Thu, 25 Jan 2018 21:32:21 videoDataHandler.py[line:73] INFO save data :{'intro': '从去年年底开始，小程序跳一跳一路火到现在，大爷小孩都捧着手机按啊按，可以说全民都在玩了，但其实跳一跳借鉴了这个游戏，它比跳一跳还有更多玩法更好玩。', 'image': 'http://dslb.cdn.krcom.cn/stream/~1e5jlT9TwYrp36k1qec-I4cqK3IKaN3ByqrcQ___32768.jpg', 'finger': '3d559b124838fe7470520275d4ebc519', '_id': ObjectId('5a69dc651d41c88b0eca95f7'), 'video': 'http://gslb.miaopai.com/stream/~1e5jlT9TwYrp36k1qec-I4cqK3IKaN3ByqrcQ__.mp4?yx=&refer=weibo_app&Expires=1516890739&ssig=92Ss9WyGPc&KID=unistore', 'addtime': 1516887141.562136}
Thu, 25 Jan 2018 21:32:21 videoDataHandler.py[line:73] INFO save data :{'intro': '日本设计师总是会带给我们一些画风清奇的产品，现在竟然连我们日常生活中必备的数据线都不放过，艺术家iimio就推出一款充电时会蠕动的猪大肠数据线crow cable,贵到价值4台iphone X，就算有勇气用也买不起啊。', 'image': 'http://dslb.cdn.krcom.cn/stream/yQdkhF9scNWrCtmHL-cWd~0dNnPzAVqmO4nrNQ___32768.jpg', 'finger': 'c570204c48aa80538e8b6f28ddfc066e', '_id': ObjectId('5a69dc651d41c88b0eca95fa'), 'video': 'http://gslb.miaopai.com/stream/yQdkhF9scNWrCtmHL-cWd~0dNnPzAVqmO4nrNQ__.mp4?yx=&refer=weibo_app&Expires=1516890739&ssig=MY7F5xFtLB&KID=unistore', 'addtime': 1516887141.5657732}
Thu, 25 Jan 2018 21:32:21 videoDataHandler.py[line:68] INFO data repeat which finger with 5f19fa6b90fcced2b00591bb78a68579
Thu, 25 Jan 2018 21:32:21 videoDataHandler.py[line:102] INFO video data queus is empty, the spider will be stop
